!SESSION 2024-04-04 15:17:00.304 -----------------------------------------------
eclipse.buildId=unknown
java.version=11.0.22
java.vendor=Amazon.com Inc.
BootLoader constants: OS=win32, ARCH=x86_64, WS=win32, NL=ko_KR
Command-line arguments:  -dev file:C:/Java/spring/.metadata/.plugins/org.eclipse.pde.core/OSGi Framework/dev.properties -os win32 -ws win32 -arch x86_64 -consoleLog -console

This is a continuation of log file C:\Java\spring\.metadata\.plugins\org.eclipse.pde.core\OSGi Framework\1712211420506.bak_1.log
Created Time: 2024-04-04 15:17:10.442

!ENTRY org.eclipse.wst.server.core 4 0 2024-04-04 15:17:10.442
!MESSAGE FrameworkEvent ERROR
!STACK 0
java.lang.NoClassDefFoundError: org/eclipse/core/resources/IResourceChangeListener
	at org.eclipse.wst.server.core.internal.ServerPlugin$1.bundleChanged(ServerPlugin.java:334)
	at org.eclipse.osgi.internal.framework.BundleContextImpl.dispatchEvent(BundleContextImpl.java:935)
	at org.eclipse.osgi.framework.eventmgr.EventManager.dispatchEvent(EventManager.java:228)
	at org.eclipse.osgi.framework.eventmgr.EventManager$EventThread.run(EventManager.java:339)
Caused by: java.lang.ClassNotFoundException: An error occurred while automatically activating bundle org.eclipse.core.resources (152).
	at org.eclipse.osgi.internal.hooks.EclipseLazyStarter.postFindLocalClass(EclipseLazyStarter.java:126)
	at org.eclipse.osgi.internal.loader.classpath.ClasspathManager.findLocalClass(ClasspathManager.java:572)
	at org.eclipse.osgi.internal.loader.ModuleClassLoader.findLocalClass(ModuleClassLoader.java:345)
	at org.eclipse.osgi.internal.loader.BundleLoader.findLocalClass(BundleLoader.java:388)
	at org.eclipse.osgi.internal.loader.sources.SingleSourcePackage.loadClass(SingleSourcePackage.java:41)
	at org.eclipse.osgi.internal.loader.BundleLoader.findClass(BundleLoader.java:463)
	at org.eclipse.osgi.internal.loader.ModuleClassLoader.loadClass(ModuleClassLoader.java:170)
	at java.base/java.lang.ClassLoader.loadClass(ClassLoader.java:527)
	at java.base/java.lang.Class.getDeclaredConstructors0(Native Method)
	at java.base/java.lang.Class.privateGetDeclaredConstructors(Class.java:3137)
	at java.base/java.lang.Class.getConstructor0(Class.java:3342)
	at java.base/java.lang.Class.getConstructor(Class.java:2151)
	at org.eclipse.osgi.internal.framework.BundleContextImpl.loadBundleActivator(BundleContextImpl.java:793)
	at org.eclipse.osgi.internal.framework.BundleContextImpl.start(BundleContextImpl.java:745)
	at org.eclipse.osgi.internal.framework.EquinoxBundle.startWorker0(EquinoxBundle.java:1019)
	at org.eclipse.osgi.internal.framework.EquinoxBundle$EquinoxModule.startWorker(EquinoxBundle.java:365)
	at org.eclipse.osgi.container.Module.doStart(Module.java:605)
	at org.eclipse.osgi.container.Module.start(Module.java:468)
	at org.eclipse.osgi.container.ModuleContainer$ContainerStartLevel.lambda$1(ModuleContainer.java:1834)
	at org.eclipse.osgi.container.ModuleContainer$ContainerStartLevel.incStartLevel(ModuleContainer.java:1829)
	at org.eclipse.osgi.container.ModuleContainer$ContainerStartLevel.incStartLevel(ModuleContainer.java:1777)
	at org.eclipse.osgi.container.ModuleContainer$ContainerStartLevel.doContainerStartLevel(ModuleContainer.java:1739)
	at org.eclipse.osgi.container.ModuleContainer$ContainerStartLevel.dispatchEvent(ModuleContainer.java:1661)
	at org.eclipse.osgi.container.ModuleContainer$ContainerStartLevel.dispatchEvent(ModuleContainer.java:1)
	... 2 more
Caused by: org.osgi.framework.BundleException: Exception in org.eclipse.core.resources.ResourcesPlugin.start() of bundle org.eclipse.core.resources.
	at org.eclipse.osgi.internal.framework.BundleContextImpl.startActivator(BundleContextImpl.java:828)
	at org.eclipse.osgi.internal.framework.BundleContextImpl.start(BundleContextImpl.java:759)
	at org.eclipse.osgi.internal.framework.EquinoxBundle.startWorker0(EquinoxBundle.java:1019)
	at org.eclipse.osgi.internal.framework.EquinoxBundle$EquinoxModule.startWorker(EquinoxBundle.java:365)
	at org.eclipse.osgi.container.Module.doStart(Module.java:605)
	at org.eclipse.osgi.container.Module.start(Module.java:468)
	at org.eclipse.osgi.framework.util.SecureAction.start(SecureAction.java:404)
	at org.eclipse.osgi.internal.hooks.EclipseLazyStarter.postFindLocalClass(EclipseLazyStarter.java:117)
	... 25 more
Caused by: java.lang.IllegalStateException: The platform metadata area could not be written: C:\Java\util\spring-tool-suite-3.9.18.RELEASE\sts-bundle\sts-3.9.18.RELEASE\workspace\.metadata.  By default the platform writes its content
under the current working directory when the platform is launched.  Use the -data parameter to
specify a different content area for the platform.
	at org.eclipse.core.internal.runtime.DataArea.assertLocationInitialized(DataArea.java:73)
	at org.eclipse.core.internal.runtime.DataArea.getStateLocation(DataArea.java:136)
	at org.eclipse.core.internal.runtime.InternalPlatform.getStateLocation(InternalPlatform.java:470)
	at org.eclipse.core.runtime.Plugin.getStateLocation(Plugin.java:259)
	at org.eclipse.core.internal.resources.LocalMetaArea.<init>(LocalMetaArea.java:63)
	at org.eclipse.core.internal.resources.Workspace.<init>(Workspace.java:293)
	at org.eclipse.core.resources.ResourcesPlugin.start(ResourcesPlugin.java:474)
	at org.eclipse.osgi.internal.framework.BundleContextImpl.lambda$2(BundleContextImpl.java:808)
	at java.base/java.security.AccessController.doPrivileged(Native Method)
	at org.eclipse.osgi.internal.framework.BundleContextImpl.startActivator(BundleContextImpl.java:802)
	... 32 more

!ENTRY org.springframework.tooling.ls.eclipse.commons 4 0 2024-04-04 15:17:10.448
!MESSAGE FrameworkEvent ERROR
!STACK 0
org.osgi.framework.BundleException: Exception in org.springframework.tooling.ls.eclipse.commons.LanguageServerCommonsActivator.start() of bundle org.springframework.tooling.ls.eclipse.commons.
	at org.eclipse.osgi.internal.framework.BundleContextImpl.startActivator(BundleContextImpl.java:828)
	at org.eclipse.osgi.internal.framework.BundleContextImpl.start(BundleContextImpl.java:759)
	at org.eclipse.osgi.internal.framework.EquinoxBundle.startWorker0(EquinoxBundle.java:1019)
	at org.eclipse.osgi.internal.framework.EquinoxBundle$EquinoxModule.startWorker(EquinoxBundle.java:365)
	at org.eclipse.osgi.container.Module.doStart(Module.java:605)
	at org.eclipse.osgi.container.Module.start(Module.java:468)
	at org.eclipse.osgi.container.ModuleContainer$ContainerStartLevel.lambda$1(ModuleContainer.java:1834)
	at org.eclipse.osgi.container.ModuleContainer$ContainerStartLevel.incStartLevel(ModuleContainer.java:1829)
	at org.eclipse.osgi.container.ModuleContainer$ContainerStartLevel.incStartLevel(ModuleContainer.java:1777)
	at org.eclipse.osgi.container.ModuleContainer$ContainerStartLevel.doContainerStartLevel(ModuleContainer.java:1739)
	at org.eclipse.osgi.container.ModuleContainer$ContainerStartLevel.dispatchEvent(ModuleContainer.java:1661)
	at org.eclipse.osgi.container.ModuleContainer$ContainerStartLevel.dispatchEvent(ModuleContainer.java:1)
	at org.eclipse.osgi.framework.eventmgr.EventManager.dispatchEvent(EventManager.java:228)
	at org.eclipse.osgi.framework.eventmgr.EventManager$EventThread.run(EventManager.java:339)
Caused by: java.lang.IllegalStateException: The platform metadata area could not be written: C:\Java\util\spring-tool-suite-3.9.18.RELEASE\sts-bundle\sts-3.9.18.RELEASE\workspace\.metadata.  By default the platform writes its content
under the current working directory when the platform is launched.  Use the -data parameter to
specify a different content area for the platform.
	at org.eclipse.core.internal.runtime.DataArea.assertLocationInitialized(DataArea.java:73)
	at org.eclipse.core.internal.runtime.DataArea.getStateLocation(DataArea.java:141)
	at org.eclipse.core.internal.runtime.DataArea.getPreferenceLocation(DataArea.java:146)
	at org.eclipse.core.internal.preferences.InstancePreferences.loadLegacy(InstancePreferences.java:109)
	at org.eclipse.core.internal.preferences.EclipsePreferences.create(EclipsePreferences.java:369)
	at org.eclipse.core.internal.preferences.EclipsePreferences.internalNode(EclipsePreferences.java:624)
	at org.eclipse.core.internal.preferences.EclipsePreferences.node(EclipsePreferences.java:767)
	at org.eclipse.core.internal.preferences.AbstractScope.getNode(AbstractScope.java:41)
	at org.eclipse.core.runtime.preferences.InstanceScope.getNode(InstanceScope.java:80)
	at org.eclipse.ui.preferences.ScopedPreferenceStore.getStorePreferences(ScopedPreferenceStore.java:213)
	at org.eclipse.ui.preferences.ScopedPreferenceStore.<init>(ScopedPreferenceStore.java:127)
	at org.eclipse.ui.plugin.AbstractUIPlugin.getPreferenceStore(AbstractUIPlugin.java:246)
	at org.springframework.tooling.ls.eclipse.commons.LanguageServerCommonsActivator.start(LanguageServerCommonsActivator.java:76)
	at org.eclipse.osgi.internal.framework.BundleContextImpl.lambda$2(BundleContextImpl.java:808)
	at java.base/java.security.AccessController.doPrivileged(Native Method)
	at org.eclipse.osgi.internal.framework.BundleContextImpl.startActivator(BundleContextImpl.java:802)
	... 13 more
Root exception:
java.lang.IllegalStateException: The platform metadata area could not be written: C:\Java\util\spring-tool-suite-3.9.18.RELEASE\sts-bundle\sts-3.9.18.RELEASE\workspace\.metadata.  By default the platform writes its content
under the current working directory when the platform is launched.  Use the -data parameter to
specify a different content area for the platform.
	at org.eclipse.core.internal.runtime.DataArea.assertLocationInitialized(DataArea.java:73)
	at org.eclipse.core.internal.runtime.DataArea.getStateLocation(DataArea.java:141)
	at org.eclipse.core.internal.runtime.DataArea.getPreferenceLocation(DataArea.java:146)
	at org.eclipse.core.internal.preferences.InstancePreferences.loadLegacy(InstancePreferences.java:109)
	at org.eclipse.core.internal.preferences.EclipsePreferences.create(EclipsePreferences.java:369)
	at org.eclipse.core.internal.preferences.EclipsePreferences.internalNode(EclipsePreferences.java:624)
	at org.eclipse.core.internal.preferences.EclipsePreferences.node(EclipsePreferences.java:767)
	at org.eclipse.core.internal.preferences.AbstractScope.getNode(AbstractScope.java:41)
	at org.eclipse.core.runtime.preferences.InstanceScope.getNode(InstanceScope.java:80)
	at org.eclipse.ui.preferences.ScopedPreferenceStore.getStorePreferences(ScopedPreferenceStore.java:213)
	at org.eclipse.ui.preferences.ScopedPreferenceStore.<init>(ScopedPreferenceStore.java:127)
	at org.eclipse.ui.plugin.AbstractUIPlugin.getPreferenceStore(AbstractUIPlugin.java:246)
	at org.springframework.tooling.ls.eclipse.commons.LanguageServerCommonsActivator.start(LanguageServerCommonsActivator.java:76)
	at org.eclipse.osgi.internal.framework.BundleContextImpl.lambda$2(BundleContextImpl.java:808)
	at java.base/java.security.AccessController.doPrivileged(Native Method)
	at org.eclipse.osgi.internal.framework.BundleContextImpl.startActivator(BundleContextImpl.java:802)
	at org.eclipse.osgi.internal.framework.BundleContextImpl.start(BundleContextImpl.java:759)
	at org.eclipse.osgi.internal.framework.EquinoxBundle.startWorker0(EquinoxBundle.java:1019)
	at org.eclipse.osgi.internal.framework.EquinoxBundle$EquinoxModule.startWorker(EquinoxBundle.java:365)
	at org.eclipse.osgi.container.Module.doStart(Module.java:605)
	at org.eclipse.osgi.container.Module.start(Module.java:468)
	at org.eclipse.osgi.container.ModuleContainer$ContainerStartLevel.lambda$1(ModuleContainer.java:1834)
	at org.eclipse.osgi.container.ModuleContainer$ContainerStartLevel.incStartLevel(ModuleContainer.java:1829)
	at org.eclipse.osgi.container.ModuleContainer$ContainerStartLevel.incStartLevel(ModuleContainer.java:1777)
	at org.eclipse.osgi.container.ModuleContainer$ContainerStartLevel.doContainerStartLevel(ModuleContainer.java:1739)
	at org.eclipse.osgi.container.ModuleContainer$ContainerStartLevel.dispatchEvent(ModuleContainer.java:1661)
	at org.eclipse.osgi.container.ModuleContainer$ContainerStartLevel.dispatchEvent(ModuleContainer.java:1)
	at org.eclipse.osgi.framework.eventmgr.EventManager.dispatchEvent(EventManager.java:228)
	at org.eclipse.osgi.framework.eventmgr.EventManager$EventThread.run(EventManager.java:339)

!ENTRY org.eclipse.wst.server.core 4 0 2024-04-04 15:17:10.449
!MESSAGE FrameworkEvent ERROR
!STACK 0
java.lang.NoClassDefFoundError: org/eclipse/core/resources/IResourceChangeListener
	at org.eclipse.wst.server.core.internal.ServerPlugin$1.bundleChanged(ServerPlugin.java:334)
	at org.eclipse.osgi.internal.framework.BundleContextImpl.dispatchEvent(BundleContextImpl.java:935)
	at org.eclipse.osgi.framework.eventmgr.EventManager.dispatchEvent(EventManager.java:228)
	at org.eclipse.osgi.framework.eventmgr.EventManager$EventThread.run(EventManager.java:339)
Caused by: java.lang.ClassNotFoundException: An error occurred while automatically activating bundle org.eclipse.core.resources (152).
	at org.eclipse.osgi.internal.hooks.EclipseLazyStarter.postFindLocalClass(EclipseLazyStarter.java:126)
	at org.eclipse.osgi.internal.loader.classpath.ClasspathManager.findLocalClass(ClasspathManager.java:572)
	at org.eclipse.osgi.internal.loader.ModuleClassLoader.findLocalClass(ModuleClassLoader.java:345)
	at org.eclipse.osgi.internal.loader.BundleLoader.findLocalClass(BundleLoader.java:388)
	at org.eclipse.osgi.internal.loader.sources.SingleSourcePackage.loadClass(SingleSourcePackage.java:41)
	at org.eclipse.osgi.internal.loader.BundleLoader.findClass(BundleLoader.java:463)
	at org.eclipse.osgi.internal.loader.ModuleClassLoader.loadClass(ModuleClassLoader.java:170)
	at java.base/java.lang.ClassLoader.loadClass(ClassLoader.java:527)
	at java.base/java.lang.Class.getDeclaredConstructors0(Native Method)
	at java.base/java.lang.Class.privateGetDeclaredConstructors(Class.java:3137)
	at java.base/java.lang.Class.getConstructor0(Class.java:3342)
	at java.base/java.lang.Class.getConstructor(Class.java:2151)
	at org.eclipse.osgi.internal.framework.BundleContextImpl.loadBundleActivator(BundleContextImpl.java:793)
	at org.eclipse.osgi.internal.framework.BundleContextImpl.start(BundleContextImpl.java:745)
	at org.eclipse.osgi.internal.framework.EquinoxBundle.startWorker0(EquinoxBundle.java:1019)
	at org.eclipse.osgi.internal.framework.EquinoxBundle$EquinoxModule.startWorker(EquinoxBundle.java:365)
	at org.eclipse.osgi.container.Module.doStart(Module.java:605)
	at org.eclipse.osgi.container.Module.start(Module.java:468)
	at org.eclipse.osgi.container.ModuleContainer$ContainerStartLevel.lambda$1(ModuleContainer.java:1834)
	at org.eclipse.osgi.container.ModuleContainer$ContainerStartLevel.incStartLevel(ModuleContainer.java:1829)
	at org.eclipse.osgi.container.ModuleContainer$ContainerStartLevel.incStartLevel(ModuleContainer.java:1777)
	at org.eclipse.osgi.container.ModuleContainer$ContainerStartLevel.doContainerStartLevel(ModuleContainer.java:1739)
	at org.eclipse.osgi.container.ModuleContainer$ContainerStartLevel.dispatchEvent(ModuleContainer.java:1661)
	at org.eclipse.osgi.container.ModuleContainer$ContainerStartLevel.dispatchEvent(ModuleContainer.java:1)
	... 2 more
Caused by: org.osgi.framework.BundleException: Exception in org.eclipse.core.resources.ResourcesPlugin.start() of bundle org.eclipse.core.resources.
	at org.eclipse.osgi.internal.framework.BundleContextImpl.startActivator(BundleContextImpl.java:828)
	at org.eclipse.osgi.internal.framework.BundleContextImpl.start(BundleContextImpl.java:759)
	at org.eclipse.osgi.internal.framework.EquinoxBundle.startWorker0(EquinoxBundle.java:1019)
	at org.eclipse.osgi.internal.framework.EquinoxBundle$EquinoxModule.startWorker(EquinoxBundle.java:365)
	at org.eclipse.osgi.container.Module.doStart(Module.java:605)
	at org.eclipse.osgi.container.Module.start(Module.java:468)
	at org.eclipse.osgi.framework.util.SecureAction.start(SecureAction.java:404)
	at org.eclipse.osgi.internal.hooks.EclipseLazyStarter.postFindLocalClass(EclipseLazyStarter.java:117)
	... 25 more
Caused by: java.lang.IllegalStateException: The platform metadata area could not be written: C:\Java\util\spring-tool-suite-3.9.18.RELEASE\sts-bundle\sts-3.9.18.RELEASE\workspace\.metadata.  By default the platform writes its content
under the current working directory when the platform is launched.  Use the -data parameter to
specify a different content area for the platform.
	at org.eclipse.core.internal.runtime.DataArea.assertLocationInitialized(DataArea.java:73)
	at org.eclipse.core.internal.runtime.DataArea.getStateLocation(DataArea.java:136)
	at org.eclipse.core.internal.runtime.InternalPlatform.getStateLocation(InternalPlatform.java:470)
	at org.eclipse.core.runtime.Plugin.getStateLocation(Plugin.java:259)
	at org.eclipse.core.internal.resources.LocalMetaArea.<init>(LocalMetaArea.java:63)
	at org.eclipse.core.internal.resources.Workspace.<init>(Workspace.java:293)
	at org.eclipse.core.resources.ResourcesPlugin.start(ResourcesPlugin.java:474)
	at org.eclipse.osgi.internal.framework.BundleContextImpl.lambda$2(BundleContextImpl.java:808)
	at java.base/java.security.AccessController.doPrivileged(Native Method)
	at org.eclipse.osgi.internal.framework.BundleContextImpl.startActivator(BundleContextImpl.java:802)
	... 32 more

!ENTRY org.eclipse.osgi 4 0 2024-04-04 15:17:10.459
!MESSAGE An error occurred while automatically activating bundle org.eclipse.compare (131).
!STACK 0
org.osgi.framework.BundleException: Error loading bundle activator. org.eclipse.compare_3.8.100.v20210805-1512 [131]
	at org.eclipse.osgi.internal.framework.BundleContextImpl.start(BundleContextImpl.java:753)
	at org.eclipse.osgi.internal.framework.EquinoxBundle.startWorker0(EquinoxBundle.java:1019)
	at org.eclipse.osgi.internal.framework.EquinoxBundle$EquinoxModule.startWorker(EquinoxBundle.java:365)
	at org.eclipse.osgi.container.Module.doStart(Module.java:605)
	at org.eclipse.osgi.container.Module.start(Module.java:468)
	at org.eclipse.osgi.framework.util.SecureAction.start(SecureAction.java:404)
	at org.eclipse.osgi.internal.hooks.EclipseLazyStarter.postFindLocalClass(EclipseLazyStarter.java:117)
	at org.eclipse.osgi.internal.loader.classpath.ClasspathManager.findLocalClass(ClasspathManager.java:572)
	at org.eclipse.osgi.internal.loader.ModuleClassLoader.findLocalClass(ModuleClassLoader.java:345)
	at org.eclipse.osgi.internal.loader.BundleLoader.findLocalClass(BundleLoader.java:388)
	at org.eclipse.osgi.internal.loader.sources.SingleSourcePackage.loadClass(SingleSourcePackage.java:41)
	at org.eclipse.osgi.internal.loader.BundleLoader.findClass(BundleLoader.java:463)
	at org.eclipse.osgi.internal.loader.ModuleClassLoader.loadClass(ModuleClassLoader.java:170)
	at java.base/java.lang.ClassLoader.loadClass(ClassLoader.java:527)
	at org.springframework.ide.eclipse.boot.dash.cf.BootDashInjections.applyBeanDefinitions(BootDashInjections.java:54)
	at org.springframework.ide.eclipse.boot.dash.di.EclipseBeanLoader.loadFromExtensionPoint(EclipseBeanLoader.java:34)
	at org.springframework.ide.eclipse.boot.dash.model.DefaultBootDashModelContext.create(DefaultBootDashModelContext.java:66)
	at org.springframework.ide.eclipse.boot.dash.BootDashActivator.lambda$0(BootDashActivator.java:136)
	at com.google.common.base.Suppliers$NonSerializableMemoizingSupplier.get(Suppliers.java:167)
	at org.springframework.ide.eclipse.boot.dash.BootDashActivator.getModel(BootDashActivator.java:140)
	at org.springframework.ide.eclipse.boot.dash.cf.BootDashTargetInfoSynchronizer.model(BootDashTargetInfoSynchronizer.java:96)
	at org.springframework.ide.eclipse.boot.dash.cf.BootDashTargetInfoSynchronizer.start(BootDashTargetInfoSynchronizer.java:47)
	at org.springframework.ide.eclipse.boot.dash.cf.BootDashCfPlugin.lambda$0(BootDashCfPlugin.java:25)
	at java.base/java.util.concurrent.CompletableFuture$AsyncRun.run(CompletableFuture.java:1736)
	at java.base/java.util.concurrent.CompletableFuture$AsyncRun.exec(CompletableFuture.java:1728)
	at java.base/java.util.concurrent.ForkJoinTask.doExec(ForkJoinTask.java:290)
	at java.base/java.util.concurrent.ForkJoinPool$WorkQueue.topLevelExec(ForkJoinPool.java:1020)
	at java.base/java.util.concurrent.ForkJoinPool.scan(ForkJoinPool.java:1656)
	at java.base/java.util.concurrent.ForkJoinPool.runWorker(ForkJoinPool.java:1594)
	at java.base/java.util.concurrent.ForkJoinWorkerThread.run(ForkJoinWorkerThread.java:183)
Caused by: java.lang.reflect.InvocationTargetException
	at java.base/jdk.internal.reflect.NativeConstructorAccessorImpl.newInstance0(Native Method)
	at java.base/jdk.internal.reflect.NativeConstructorAccessorImpl.newInstance(NativeConstructorAccessorImpl.java:62)
	at java.base/jdk.internal.reflect.DelegatingConstructorAccessorImpl.newInstance(DelegatingConstructorAccessorImpl.java:45)
	at java.base/java.lang.reflect.Constructor.newInstance(Constructor.java:490)
	at org.eclipse.osgi.internal.framework.BundleContextImpl.loadBundleActivator(BundleContextImpl.java:793)
	at org.eclipse.osgi.internal.framework.BundleContextImpl.start(BundleContextImpl.java:745)
	... 29 more
Caused by: org.eclipse.core.runtime.AssertionFailedException: assertion failed: 
	at org.eclipse.core.runtime.Assert.isTrue(Assert.java:113)
	at org.eclipse.core.runtime.Assert.isTrue(Assert.java:99)
	at org.eclipse.compare.internal.CompareUIPlugin.<init>(CompareUIPlugin.java:275)
	... 35 more
Root exception:
org.eclipse.core.runtime.AssertionFailedException: assertion failed: 
	at org.eclipse.core.runtime.Assert.isTrue(Assert.java:113)
	at org.eclipse.core.runtime.Assert.isTrue(Assert.java:99)
	at org.eclipse.compare.internal.CompareUIPlugin.<init>(CompareUIPlugin.java:275)
	at java.base/jdk.internal.reflect.NativeConstructorAccessorImpl.newInstance0(Native Method)
	at java.base/jdk.internal.reflect.NativeConstructorAccessorImpl.newInstance(NativeConstructorAccessorImpl.java:62)
	at java.base/jdk.internal.reflect.DelegatingConstructorAccessorImpl.newInstance(DelegatingConstructorAccessorImpl.java:45)
	at java.base/java.lang.reflect.Constructor.newInstance(Constructor.java:490)
	at org.eclipse.osgi.internal.framework.BundleContextImpl.loadBundleActivator(BundleContextImpl.java:793)
	at org.eclipse.osgi.internal.framework.BundleContextImpl.start(BundleContextImpl.java:745)
	at org.eclipse.osgi.internal.framework.EquinoxBundle.startWorker0(EquinoxBundle.java:1019)
	at org.eclipse.osgi.internal.framework.EquinoxBundle$EquinoxModule.startWorker(EquinoxBundle.java:365)
	at org.eclipse.osgi.container.Module.doStart(Module.java:605)
	at org.eclipse.osgi.container.Module.start(Module.java:468)
	at org.eclipse.osgi.framework.util.SecureAction.start(SecureAction.java:404)
	at org.eclipse.osgi.internal.hooks.EclipseLazyStarter.postFindLocalClass(EclipseLazyStarter.java:117)
	at org.eclipse.osgi.internal.loader.classpath.ClasspathManager.findLocalClass(ClasspathManager.java:572)
	at org.eclipse.osgi.internal.loader.ModuleClassLoader.findLocalClass(ModuleClassLoader.java:345)
	at org.eclipse.osgi.internal.loader.BundleLoader.findLocalClass(BundleLoader.java:388)
	at org.eclipse.osgi.internal.loader.sources.SingleSourcePackage.loadClass(SingleSourcePackage.java:41)
	at org.eclipse.osgi.internal.loader.BundleLoader.findClass(BundleLoader.java:463)
	at org.eclipse.osgi.internal.loader.ModuleClassLoader.loadClass(ModuleClassLoader.java:170)
	at java.base/java.lang.ClassLoader.loadClass(ClassLoader.java:527)
	at org.springframework.ide.eclipse.boot.dash.cf.BootDashInjections.applyBeanDefinitions(BootDashInjections.java:54)
	at org.springframework.ide.eclipse.boot.dash.di.EclipseBeanLoader.loadFromExtensionPoint(EclipseBeanLoader.java:34)
	at org.springframework.ide.eclipse.boot.dash.model.DefaultBootDashModelContext.create(DefaultBootDashModelContext.java:66)
	at org.springframework.ide.eclipse.boot.dash.BootDashActivator.lambda$0(BootDashActivator.java:136)
	at com.google.common.base.Suppliers$NonSerializableMemoizingSupplier.get(Suppliers.java:167)
	at org.springframework.ide.eclipse.boot.dash.BootDashActivator.getModel(BootDashActivator.java:140)
	at org.springframework.ide.eclipse.boot.dash.cf.BootDashTargetInfoSynchronizer.model(BootDashTargetInfoSynchronizer.java:96)
	at org.springframework.ide.eclipse.boot.dash.cf.BootDashTargetInfoSynchronizer.start(BootDashTargetInfoSynchronizer.java:47)
	at org.springframework.ide.eclipse.boot.dash.cf.BootDashCfPlugin.lambda$0(BootDashCfPlugin.java:25)
	at java.base/java.util.concurrent.CompletableFuture$AsyncRun.run(CompletableFuture.java:1736)
	at java.base/java.util.concurrent.CompletableFuture$AsyncRun.exec(CompletableFuture.java:1728)
	at java.base/java.util.concurrent.ForkJoinTask.doExec(ForkJoinTask.java:290)
	at java.base/java.util.concurrent.ForkJoinPool$WorkQueue.topLevelExec(ForkJoinPool.java:1020)
	at java.base/java.util.concurrent.ForkJoinPool.scan(ForkJoinPool.java:1656)
	at java.base/java.util.concurrent.ForkJoinPool.runWorker(ForkJoinPool.java:1594)
	at java.base/java.util.concurrent.ForkJoinWorkerThread.run(ForkJoinWorkerThread.java:183)

!ENTRY org.eclipse.wst.server.core 4 0 2024-04-04 15:17:10.460
!MESSAGE FrameworkEvent ERROR
!STACK 0
java.lang.NoClassDefFoundError: org/eclipse/core/resources/IResourceChangeListener
	at org.eclipse.wst.server.core.internal.ServerPlugin$1.bundleChanged(ServerPlugin.java:334)
	at org.eclipse.osgi.internal.framework.BundleContextImpl.dispatchEvent(BundleContextImpl.java:935)
	at org.eclipse.osgi.framework.eventmgr.EventManager.dispatchEvent(EventManager.java:228)
	at org.eclipse.osgi.framework.eventmgr.EventManager$EventThread.run(EventManager.java:339)
Caused by: java.lang.ClassNotFoundException: An error occurred while automatically activating bundle org.eclipse.core.resources (152).
	at org.eclipse.osgi.internal.hooks.EclipseLazyStarter.postFindLocalClass(EclipseLazyStarter.java:126)
	at org.eclipse.osgi.internal.loader.classpath.ClasspathManager.findLocalClass(ClasspathManager.java:572)
	at org.eclipse.osgi.internal.loader.ModuleClassLoader.findLocalClass(ModuleClassLoader.java:345)
	at org.eclipse.osgi.internal.loader.BundleLoader.findLocalClass(BundleLoader.java:388)
	at org.eclipse.osgi.internal.loader.sources.SingleSourcePackage.loadClass(SingleSourcePackage.java:41)
	at org.eclipse.osgi.internal.loader.BundleLoader.findClass(BundleLoader.java:463)
	at org.eclipse.osgi.internal.loader.ModuleClassLoader.loadClass(ModuleClassLoader.java:170)
	at java.base/java.lang.ClassLoader.loadClass(ClassLoader.java:527)
	at java.base/java.lang.Class.getDeclaredConstructors0(Native Method)
	at java.base/java.lang.Class.privateGetDeclaredConstructors(Class.java:3137)
	at java.base/java.lang.Class.getConstructor0(Class.java:3342)
	at java.base/java.lang.Class.getConstructor(Class.java:2151)
	at org.eclipse.osgi.internal.framework.BundleContextImpl.loadBundleActivator(BundleContextImpl.java:793)
	at org.eclipse.osgi.internal.framework.BundleContextImpl.start(BundleContextImpl.java:745)
	at org.eclipse.osgi.internal.framework.EquinoxBundle.startWorker0(EquinoxBundle.java:1019)
	at org.eclipse.osgi.internal.framework.EquinoxBundle$EquinoxModule.startWorker(EquinoxBundle.java:365)
	at org.eclipse.osgi.container.Module.doStart(Module.java:605)
	at org.eclipse.osgi.container.Module.start(Module.java:468)
	at org.eclipse.osgi.container.ModuleContainer$ContainerStartLevel.lambda$1(ModuleContainer.java:1834)
	at org.eclipse.osgi.container.ModuleContainer$ContainerStartLevel.incStartLevel(ModuleContainer.java:1829)
	at org.eclipse.osgi.container.ModuleContainer$ContainerStartLevel.incStartLevel(ModuleContainer.java:1777)
	at org.eclipse.osgi.container.ModuleContainer$ContainerStartLevel.doContainerStartLevel(ModuleContainer.java:1739)
	at org.eclipse.osgi.container.ModuleContainer$ContainerStartLevel.dispatchEvent(ModuleContainer.java:1661)
	at org.eclipse.osgi.container.ModuleContainer$ContainerStartLevel.dispatchEvent(ModuleContainer.java:1)
	... 2 more
Caused by: org.osgi.framework.BundleException: Exception in org.eclipse.core.resources.ResourcesPlugin.start() of bundle org.eclipse.core.resources.
	at org.eclipse.osgi.internal.framework.BundleContextImpl.startActivator(BundleContextImpl.java:828)
	at org.eclipse.osgi.internal.framework.BundleContextImpl.start(BundleContextImpl.java:759)
	at org.eclipse.osgi.internal.framework.EquinoxBundle.startWorker0(EquinoxBundle.java:1019)
	at org.eclipse.osgi.internal.framework.EquinoxBundle$EquinoxModule.startWorker(EquinoxBundle.java:365)
	at org.eclipse.osgi.container.Module.doStart(Module.java:605)
	at org.eclipse.osgi.container.Module.start(Module.java:468)
	at org.eclipse.osgi.framework.util.SecureAction.start(SecureAction.java:404)
	at org.eclipse.osgi.internal.hooks.EclipseLazyStarter.postFindLocalClass(EclipseLazyStarter.java:117)
	... 25 more
Caused by: java.lang.IllegalStateException: The platform metadata area could not be written: C:\Java\util\spring-tool-suite-3.9.18.RELEASE\sts-bundle\sts-3.9.18.RELEASE\workspace\.metadata.  By default the platform writes its content
under the current working directory when the platform is launched.  Use the -data parameter to
specify a different content area for the platform.
	at org.eclipse.core.internal.runtime.DataArea.assertLocationInitialized(DataArea.java:73)
	at org.eclipse.core.internal.runtime.DataArea.getStateLocation(DataArea.java:136)
	at org.eclipse.core.internal.runtime.InternalPlatform.getStateLocation(InternalPlatform.java:470)
	at org.eclipse.core.runtime.Plugin.getStateLocation(Plugin.java:259)
	at org.eclipse.core.internal.resources.LocalMetaArea.<init>(LocalMetaArea.java:63)
	at org.eclipse.core.internal.resources.Workspace.<init>(Workspace.java:293)
	at org.eclipse.core.resources.ResourcesPlugin.start(ResourcesPlugin.java:474)
	at org.eclipse.osgi.internal.framework.BundleContextImpl.lambda$2(BundleContextImpl.java:808)
	at java.base/java.security.AccessController.doPrivileged(Native Method)
	at org.eclipse.osgi.internal.framework.BundleContextImpl.startActivator(BundleContextImpl.java:802)
	... 32 more
